<?xml version="1.0" encoding="UTF-8"?>
<testng-results skipped="0" failed="0" ignored="0" total="1" passed="1">
  <reporter-output>
  </reporter-output>
  <suite name="Default suite" duration-ms="8735" started-at="2021-02-27T11:50:23 ACDT" finished-at="2021-02-27T11:50:32 ACDT">
    <groups>
    </groups>
    <test name="Default test" duration-ms="8735" started-at="2021-02-27T11:50:23 ACDT" finished-at="2021-02-27T11:50:32 ACDT">
      <class name="seleniumgrid.testRmtDriverThreadLocal">
        <test-method status="PASS" signature="test()[pri:0, instance:seleniumgrid.testRmtDriverThreadLocal@60285225]" name="test" duration-ms="8703" started-at="2021-02-27T11:50:23 ACDT" finished-at="2021-02-27T11:50:32 ACDT">
          <reporter-output>
          </reporter-output>
        </test-method> <!-- test -->
      </class> <!-- seleniumgrid.testRmtDriverThreadLocal -->
    </test> <!-- Default test -->
  </suite> <!-- Default suite -->
</testng-results>
