<?xml version="1.0" encoding="UTF-8"?>
<testng-results skipped="0" failed="0" ignored="0" total="1" passed="1">
  <reporter-output>
  </reporter-output>
  <suite name="Default suite" duration-ms="17076" started-at="2021-02-27T19:03:24 ACDT" finished-at="2021-02-27T19:03:41 ACDT">
    <groups>
    </groups>
    <test name="Default test" duration-ms="17076" started-at="2021-02-27T19:03:24 ACDT" finished-at="2021-02-27T19:03:41 ACDT">
      <class name="firstpackage.ForDebugging">
        <test-method status="PASS" signature="launchApp()[pri:0, instance:firstpackage.ForDebugging@12cdcf4]" name="launchApp" duration-ms="15599" started-at="2021-02-27T19:03:24 ACDT" finished-at="2021-02-27T19:03:40 ACDT">
          <reporter-output>
          </reporter-output>
        </test-method> <!-- launchApp -->
        <test-method status="PASS" signature="closeApp()[pri:0, instance:firstpackage.ForDebugging@12cdcf4]" name="closeApp" is-config="true" duration-ms="1440" started-at="2021-02-27T19:03:40 ACDT" finished-at="2021-02-27T19:03:41 ACDT">
          <reporter-output>
          </reporter-output>
        </test-method> <!-- closeApp -->
      </class> <!-- firstpackage.ForDebugging -->
    </test> <!-- Default test -->
  </suite> <!-- Default suite -->
</testng-results>
